# JRE version: OpenJDK Runtime Environment Temurin-21.0.8+9 (21.0.8+9) (build 21.0.8+9-LTS)
# Java VM: OpenJDK 64-Bit Server VM Temurin-21.0.8+9 (21.0.8+9-LTS, mixed mode, sharing, tiered, compressed oops, compressed class ptrs, parallel gc, windows-amd64)
GC Precious Log:
 CardTable entry size: 512
 CPUs: 12 total, 12 available
 Memory: 7562M
 Large Page Support: Disabled
 NUMA Support: Disabled
 Compressed Oops: Enabled (32-bit)
 Alignments: Space 512K, Generation 512K, Heap 2M
 Heap Min Capacity: 100M
 Heap Initial Capacity: 100M
 Heap Max Capacity: 2G
 Pre-touch: Disabled
 Parallel Workers: 10
Heap:
 PSYoungGen      total 1024K, used 612K [0x00000000d5580000, 0x00000000d5880000, 0x0000000100000000)
  eden space 512K, 88% used [0x00000000d5580000,0x00000000d55f1270,0x00000000d5600000)
  from space 512K, 31% used [0x00000000d5600000,0x00000000d5628000,0x00000000d5680000)
  to   space 512K, 0% used [0x00000000d5800000,0x00000000d5800000,0x00000000d5880000)
 ParOldGen       total 693248K, used 692758K [0x0000000080000000, 0x00000000aa500000, 0x00000000d5580000)
  object space 693248K, 99% used [0x0000000080000000,0x00000000aa485940,0x00000000aa500000)
 Metaspace       used 66250K, committed 67648K, reserved 1114112K
  class space    used 7157K, committed 7744K, reserved 1048576K
GC Heap History (20 events):
Event: 115.013 GC heap before
{Heap before GC invocations=1179 (full 3):
 PSYoungGen      total 2560K, used 2519K [0x00000000d5580000, 0x00000000d5980000, 0x0000000100000000)
  eden space 2048K, 99% used [0x00000000d5580000,0x00000000d577d4f8,0x00000000d5780000)
  from space 512K, 94% used [0x00000000d5780000,0x00000000d57f8818,0x00000000d5800000)
  to   space 1024K, 0% used [0x00000000d5880000,0x00000000d5880000,0x00000000d5980000)
 ParOldGen       total 686080K, used 686003K [0x0000000080000000, 0x00000000a9e00000, 0x00000000d5580000)
  object space 686080K, 99% used [0x0000000080000000,0x00000000a9decc18,0x00000000a9e00000)
 Metaspace       used 65923K, committed 67328K, reserved 1114112K
  class space    used 7115K, committed 7680K, reserved 1048576K
}
Event: 115.016 GC heap after
{Heap after GC invocations=1179 (full 3):
 PSYoungGen      total 3072K, used 640K [0x00000000d5580000, 0x00000000d5980000, 0x0000000100000000)
  eden space 2048K, 0% used [0x00000000d5580000,0x00000000d5580000,0x00000000d5780000)
  from space 1024K, 62% used [0x00000000d5880000,0x00000000d5920000,0x00000000d5980000)
  to   space 1024K, 0% used [0x00000000d5780000,0x00000000d5780000,0x00000000d5880000)
 ParOldGen       total 686592K, used 686291K [0x0000000080000000, 0x00000000a9e80000, 0x00000000d5580000)
  object space 686592K, 99% used [0x0000000080000000,0x00000000a9e34fc8,0x00000000a9e80000)
 Metaspace       used 65923K, committed 67328K, reserved 1114112K
  class space    used 7115K, committed 7680K, reserved 1048576K
}
Event: 132.741 GC heap before
{Heap before GC invocations=1180 (full 3):
 PSYoungGen      total 3072K, used 2687K [0x00000000d5580000, 0x00000000d5980000, 0x0000000100000000)
  eden space 2048K, 99% used [0x00000000d5580000,0x00000000d577fff0,0x00000000d5780000)
  from space 1024K, 62% used [0x00000000d5880000,0x00000000d5920000,0x00000000d5980000)
  to   space 1024K, 0% used [0x00000000d5780000,0x00000000d5780000,0x00000000d5880000)
 ParOldGen       total 686592K, used 686291K [0x0000000080000000, 0x00000000a9e80000, 0x00000000d5580000)
  object space 686592K, 99% used [0x0000000080000000,0x00000000a9e34fc8,0x00000000a9e80000)
 Metaspace       used 66039K, committed 67392K, reserved 1114112K
  class space    used 7131K, committed 7680K, reserved 1048576K
}
Event: 132.746 GC heap after
{Heap after GC invocations=1180 (full 3):
 PSYoungGen      total 3072K, used 288K [0x00000000d5580000, 0x00000000d5900000, 0x0000000100000000)
  eden space 2048K, 0% used [0x00000000d5580000,0x00000000d5580000,0x00000000d5780000)
  from space 1024K, 28% used [0x00000000d5780000,0x00000000d57c8000,0x00000000d5880000)
  to   space 512K, 0% used [0x00000000d5880000,0x00000000d5880000,0x00000000d5900000)
 ParOldGen       total 687104K, used 686771K [0x0000000080000000, 0x00000000a9f00000, 0x00000000d5580000)
  object space 687104K, 99% used [0x0000000080000000,0x00000000a9eacfc8,0x00000000a9f00000)
 Metaspace       used 66039K, committed 67392K, reserved 1114112K
  class space    used 7131K, committed 7680K, reserved 1048576K
}
Event: 132.775 GC heap before
{Heap before GC invocations=1181 (full 3):
 PSYoungGen      total 3072K, used 2336K [0x00000000d5580000, 0x00000000d5900000, 0x0000000100000000)
  eden space 2048K, 100% used [0x00000000d5580000,0x00000000d5780000,0x00000000d5780000)
  from space 1024K, 28% used [0x00000000d5780000,0x00000000d57c8000,0x00000000d5880000)
  to   space 512K, 0% used [0x00000000d5880000,0x00000000d5880000,0x00000000d5900000)
 ParOldGen       total 687104K, used 686771K [0x0000000080000000, 0x00000000a9f00000, 0x00000000d5580000)
  object space 687104K, 99% used [0x0000000080000000,0x00000000a9eacfc8,0x00000000a9f00000)
 Metaspace       used 66083K, committed 67456K, reserved 1114112K
  class space    used 7136K, committed 7680K, reserved 1048576K
}
Event: 132.778 GC heap after
{Heap after GC invocations=1181 (full 3):
 PSYoungGen      total 2560K, used 314K [0x00000000d5580000, 0x00000000d5900000, 0x0000000100000000)
  eden space 2048K, 0% used [0x00000000d5580000,0x00000000d5580000,0x00000000d5780000)
  from space 512K, 61% used [0x00000000d5880000,0x00000000d58ce900,0x00000000d5900000)
  to   space 512K, 0% used [0x00000000d5800000,0x00000000d5800000,0x00000000d5880000)
 ParOldGen       total 687104K, used 686851K [0x0000000080000000, 0x00000000a9f00000, 0x00000000d5580000)
  object space 687104K, 99% used [0x0000000080000000,0x00000000a9ec0fc8,0x00000000a9f00000)
 Metaspace       used 66083K, committed 67456K, reserved 1114112K
  class space    used 7136K, committed 7680K, reserved 1048576K
}
Event: 132.800 GC heap before
{Heap before GC invocations=1182 (full 3):
 PSYoungGen      total 2560K, used 2225K [0x00000000d5580000, 0x00000000d5900000, 0x0000000100000000)
  eden space 2048K, 93% used [0x00000000d5580000,0x00000000d575db40,0x00000000d5780000)
  from space 512K, 61% used [0x00000000d5880000,0x00000000d58ce900,0x00000000d5900000)
  to   space 512K, 0% used [0x00000000d5800000,0x00000000d5800000,0x00000000d5880000)
 ParOldGen       total 687104K, used 686851K [0x0000000080000000, 0x00000000a9f00000, 0x00000000d5580000)
  object space 687104K, 99% used [0x0000000080000000,0x00000000a9ec0fc8,0x00000000a9f00000)
 Metaspace       used 66083K, committed 67456K, reserved 1114112K
  class space    used 7136K, committed 7680K, reserved 1048576K
}
Event: 132.803 GC heap after
{Heap after GC invocations=1182 (full 3):
 PSYoungGen      total 2560K, used 506K [0x00000000d5580000, 0x00000000d5b80000, 0x0000000100000000)
  eden space 2048K, 0% used [0x00000000d5580000,0x00000000d5580000,0x00000000d5780000)
  from space 512K, 98% used [0x00000000d5800000,0x00000000d587e838,0x00000000d5880000)
  to   space 2048K, 0% used [0x00000000d5980000,0x00000000d5980000,0x00000000d5b80000)
 ParOldGen       total 688128K, used 687884K [0x0000000080000000, 0x00000000aa000000, 0x00000000d5580000)
  object space 688128K, 99% used [0x0000000080000000,0x00000000a9fc3060,0x00000000aa000000)
 Metaspace       used 66083K, committed 67456K, reserved 1114112K
  class space    used 7136K, committed 7680K, reserved 1048576K
}
Event: 132.832 GC heap before
{Heap before GC invocations=1183 (full 3):
 PSYoungGen      total 2560K, used 2554K [0x00000000d5580000, 0x00000000d5b80000, 0x0000000100000000)
  eden space 2048K, 100% used [0x00000000d5580000,0x00000000d5780000,0x00000000d5780000)
  from space 512K, 98% used [0x00000000d5800000,0x00000000d587e838,0x00000000d5880000)
  to   space 2048K, 0% used [0x00000000d5980000,0x00000000d5980000,0x00000000d5b80000)
 ParOldGen       total 688128K, used 687884K [0x0000000080000000, 0x00000000aa000000, 0x00000000d5580000)
  object space 688128K, 99% used [0x0000000080000000,0x00000000a9fc3060,0x00000000aa000000)
 Metaspace       used 66091K, committed 67456K, reserved 1114112K
  class space    used 7136K, committed 7680K, reserved 1048576K
}
Event: 132.835 GC heap after
{Heap after GC invocations=1183 (full 3):
 PSYoungGen      total 4096K, used 1756K [0x00000000d5580000, 0x00000000d5b80000, 0x0000000100000000)
  eden space 2048K, 0% used [0x00000000d5580000,0x00000000d5580000,0x00000000d5780000)
  from space 2048K, 85% used [0x00000000d5980000,0x00000000d5b37198,0x00000000d5b80000)
  to   space 2048K, 0% used [0x00000000d5780000,0x00000000d5780000,0x00000000d5980000)
 ParOldGen       total 688640K, used 688395K [0x0000000080000000, 0x00000000aa080000, 0x00000000d5580000)
  object space 688640K, 99% used [0x0000000080000000,0x00000000aa042d98,0x00000000aa080000)
 Metaspace       used 66091K, committed 67456K, reserved 1114112K
  class space    used 7136K, committed 7680K, reserved 1048576K
}
Event: 132.853 GC heap before
{Heap before GC invocations=1184 (full 3):
 PSYoungGen      total 4096K, used 3274K [0x00000000d5580000, 0x00000000d5b80000, 0x0000000100000000)
  eden space 2048K, 74% used [0x00000000d5580000,0x00000000d56fb698,0x00000000d5780000)
  from space 2048K, 85% used [0x00000000d5980000,0x00000000d5b37198,0x00000000d5b80000)
  to   space 2048K, 0% used [0x00000000d5780000,0x00000000d5780000,0x00000000d5980000)
 ParOldGen       total 688640K, used 688395K [0x0000000080000000, 0x00000000aa080000, 0x00000000d5580000)
  object space 688640K, 99% used [0x0000000080000000,0x00000000aa042d98,0x00000000aa080000)
 Metaspace       used 66091K, committed 67456K, reserved 1114112K
  class space    used 7136K, committed 7680K, reserved 1048576K
}
Event: 132.856 GC heap after
{Heap after GC invocations=1184 (full 3):
 PSYoungGen      total 3584K, used 1211K [0x00000000d5580000, 0x00000000d5a80000, 0x0000000100000000)
  eden space 2048K, 0% used [0x00000000d5580000,0x00000000d5580000,0x00000000d5780000)
  from space 1536K, 78% used [0x00000000d5780000,0x00000000d58aefa8,0x00000000d5900000)
  to   space 1536K, 0% used [0x00000000d5900000,0x00000000d5900000,0x00000000d5a80000)
 ParOldGen       total 690176K, used 690053K [0x0000000080000000, 0x00000000aa200000, 0x00000000d5580000)
  object space 690176K, 99% used [0x0000000080000000,0x00000000aa1e15e0,0x00000000aa200000)
 Metaspace       used 66091K, committed 67456K, reserved 1114112K
  class space    used 7136K, committed 7680K, reserved 1048576K
}
Event: 132.880 GC heap before
{Heap before GC invocations=1185 (full 3):
 PSYoungGen      total 3584K, used 3259K [0x00000000d5580000, 0x00000000d5a80000, 0x0000000100000000)
  eden space 2048K, 100% used [0x00000000d5580000,0x00000000d5780000,0x00000000d5780000)
  from space 1536K, 78% used [0x00000000d5780000,0x00000000d58aefa8,0x00000000d5900000)
  to   space 1536K, 0% used [0x00000000d5900000,0x00000000d5900000,0x00000000d5a80000)
 ParOldGen       total 690176K, used 690053K [0x0000000080000000, 0x00000000aa200000, 0x00000000d5580000)
  object space 690176K, 99% used [0x0000000080000000,0x00000000aa1e15e0,0x00000000aa200000)
 Metaspace       used 66094K, committed 67456K, reserved 1114112K
  class space    used 7136K, committed 7680K, reserved 1048576K
}
Event: 132.883 GC heap after
{Heap after GC invocations=1185 (full 3):
 PSYoungGen      total 2048K, used 1521K [0x00000000d5580000, 0x00000000d5d80000, 0x0000000100000000)
  eden space 512K, 0% used [0x00000000d5580000,0x00000000d5580000,0x00000000d5600000)
  from space 1536K, 99% used [0x00000000d5900000,0x00000000d5a7c400,0x00000000d5a80000)
  to   space 3072K, 0% used [0x00000000d5600000,0x00000000d5600000,0x00000000d5900000)
 ParOldGen       total 691200K, used 691176K [0x0000000080000000, 0x00000000aa300000, 0x00000000d5580000)
  object space 691200K, 99% used [0x0000000080000000,0x00000000aa2fa068,0x00000000aa300000)
 Metaspace       used 66094K, committed 67456K, reserved 1114112K
  class space    used 7136K, committed 7680K, reserved 1048576K
}
Event: 132.890 GC heap before
{Heap before GC invocations=1186 (full 3):
 PSYoungGen      total 2048K, used 2031K [0x00000000d5580000, 0x00000000d5d80000, 0x0000000100000000)
  eden space 512K, 99% used [0x00000000d5580000,0x00000000d55ff828,0x00000000d5600000)
  from space 1536K, 99% used [0x00000000d5900000,0x00000000d5a7c400,0x00000000d5a80000)
  to   space 3072K, 0% used [0x00000000d5600000,0x00000000d5600000,0x00000000d5900000)
 ParOldGen       total 691200K, used 691176K [0x0000000080000000, 0x00000000aa300000, 0x00000000d5580000)
  object space 691200K, 99% used [0x0000000080000000,0x00000000aa2fa068,0x00000000aa300000)
 Metaspace       used 66095K, committed 67456K, reserved 1114112K
  class space    used 7136K, committed 7680K, reserved 1048576K
}
Event: 132.894 GC heap after
{Heap after GC invocations=1186 (full 3):
 PSYoungGen      total 1024K, used 288K [0x00000000d5580000, 0x00000000d5980000, 0x0000000100000000)
  eden space 512K, 0% used [0x00000000d5580000,0x00000000d5580000,0x00000000d5600000)
  from space 512K, 56% used [0x00000000d5600000,0x00000000d5648000,0x00000000d5680000)
  to   space 1536K, 0% used [0x00000000d5800000,0x00000000d5800000,0x00000000d5980000)
 ParOldGen       total 693248K, used 692606K [0x0000000080000000, 0x00000000aa500000, 0x00000000d5580000)
  object space 693248K, 99% used [0x0000000080000000,0x00000000aa45f940,0x00000000aa500000)
 Metaspace       used 66095K, committed 67456K, reserved 1114112K
  class space    used 7136K, committed 7680K, reserved 1048576K
}
Event: 381.306 GC heap before
{Heap before GC invocations=1187 (full 3):
 PSYoungGen      total 1024K, used 800K [0x00000000d5580000, 0x00000000d5980000, 0x0000000100000000)
  eden space 512K, 100% used [0x00000000d5580000,0x00000000d5600000,0x00000000d5600000)
  from space 512K, 56% used [0x00000000d5600000,0x00000000d5648000,0x00000000d5680000)
  to   space 1536K, 0% used [0x00000000d5800000,0x00000000d5800000,0x00000000d5980000)
 ParOldGen       total 693248K, used 692606K [0x0000000080000000, 0x00000000aa500000, 0x00000000d5580000)
  object space 693248K, 99% used [0x0000000080000000,0x00000000aa45f940,0x00000000aa500000)
 Metaspace       used 66131K, committed 67456K, reserved 1114112K
  class space    used 7141K, committed 7680K, reserved 1048576K
}
Event: 381.744 GC heap after
{Heap after GC invocations=1187 (full 3):
 PSYoungGen      total 1024K, used 320K [0x00000000d5580000, 0x00000000d5880000, 0x0000000100000000)
  eden space 512K, 0% used [0x00000000d5580000,0x00000000d5580000,0x00000000d5600000)
  from space 512K, 62% used [0x00000000d5800000,0x00000000d5850000,0x00000000d5880000)
  to   space 512K, 0% used [0x00000000d5600000,0x00000000d5600000,0x00000000d5680000)
 ParOldGen       total 693248K, used 692702K [0x0000000080000000, 0x00000000aa500000, 0x00000000d5580000)
  object space 693248K, 99% used [0x0000000080000000,0x00000000aa477940,0x00000000aa500000)
 Metaspace       used 66131K, committed 67456K, reserved 1114112K
  class space    used 7141K, committed 7680K, reserved 1048576K
}
Event: 382.256 GC heap before
{Heap before GC invocations=1188 (full 3):
 PSYoungGen      total 1024K, used 831K [0x00000000d5580000, 0x00000000d5880000, 0x0000000100000000)
  eden space 512K, 99% used [0x00000000d5580000,0x00000000d55ffff8,0x00000000d5600000)
  from space 512K, 62% used [0x00000000d5800000,0x00000000d5850000,0x00000000d5880000)
  to   space 512K, 0% used [0x00000000d5600000,0x00000000d5600000,0x00000000d5680000)
 ParOldGen       total 693248K, used 692702K [0x0000000080000000, 0x00000000aa500000, 0x00000000d5580000)
  object space 693248K, 99% used [0x0000000080000000,0x00000000aa477940,0x00000000aa500000)
 Metaspace       used 66211K, committed 67584K, reserved 1114112K
  class space    used 7151K, committed 7680K, reserved 1048576K
}
Event: 382.263 GC heap after
{Heap after GC invocations=1188 (full 3):
 PSYoungGen      total 1024K, used 160K [0x00000000d5580000, 0x00000000d5880000, 0x0000000100000000)
  eden space 512K, 0% used [0x00000000d5580000,0x00000000d5580000,0x00000000d5600000)
  from space 512K, 31% used [0x00000000d5600000,0x00000000d5628000,0x00000000d5680000)
  to   space 512K, 0% used [0x00000000d5800000,0x00000000d5800000,0x00000000d5880000)
 ParOldGen       total 693248K, used 692758K [0x0000000080000000, 0x00000000aa500000, 0x00000000d5580000)
  object space 693248K, 99% used [0x0000000080000000,0x00000000aa485940,0x00000000aa500000)
 Metaspace       used 66211K, committed 67584K, reserved 1114112K
  class space    used 7151K, committed 7680K, reserved 1048576K
}

